#
# A fatal error has been detected by the Java Runtime Environment:
#
#  Internal Error (ad_x86.cpp:1314), pid=12176, tid=18276
#  Error: Unimplemented()
#
# JRE version: OpenJDK Runtime Environment (17.0.7) (build 17.0.7+0-b2043.56-10550314)
# Java VM: OpenJDK 64-Bit Server VM (17.0.7+0-b2043.56-10550314, mixed mode, tiered, compressed oops, compressed class ptrs, g1 gc, windows-amd64)
# No core dump will be written. Minidumps are not enabled by default on client versions of Windows
#
# If you would like to submit a bug report, please visit:
#   https://bugreport.java.com/bugreport/crash.jsp
#

---------------  S U M M A R Y ------------

Command Line: --add-opens=java.base/java.util=ALL-UNNAMED --add-opens=java.base/java.lang=ALL-UNNAMED --add-opens=java.base/java.lang.invoke=ALL-UNNAMED --add-opens=java.prefs/java.util.prefs=ALL-UNNAMED --add-opens=java.base/java.nio.charset=ALL-UNNAMED --add-opens=java.base/java.net=ALL-UNNAMED --add-opens=java.base/java.util.concurrent.atomic=ALL-UNNAMED -Xmx2048m -Dfile.encoding=UTF-8 -Duser.country=MX -Duser.language=es -Duser.variant -javaagent:C:\Users\miche\.gradle\wrapper\dists\gradle-8.2-bin\bbg7u40eoinfdyxsxr3z4i7ta\gradle-8.2\lib\agents\gradle-instrumentation-agent-8.2.jar org.gradle.launcher.daemon.bootstrap.GradleDaemon 8.2

Host: AMD Ryzen 5 5500U with Radeon Graphics         , 12 cores, 5G,  Windows 11 , 64 bit Build 22621 (10.0.22621.3235)
Time: Tue Mar 19 09:04:21 2024 Hora estándar central (México) elapsed time: 15.177322 seconds (0d 0h 0m 15s)

---------------  T H R E A D  ---------------

Current thread (0x000001da98896e40):  JavaThread "C2 CompilerThread0" daemon [_thread_in_native, id=18276, stack(0x0000007b63b00000,0x0000007b63c00000)]


Current CompileTask:
C2:  15177 5081       4       com.esotericsoftware.kryo.io.Input::readUtf8 (90 bytes)

Stack: [0x0000007b63b00000,0x0000007b63c00000]
Native frames: (J=compiled Java code, j=interpreted, Vv=VM code, C=native code)
V  [jvm.dll+0x683bfa]
V  [jvm.dll+0x8430a4]
V  [jvm.dll+0x8449be]
V  [jvm.dll+0x844fd7]
V  [jvm.dll+0x24ac5a]
V  [jvm.dll+0x24abc3]
V  [jvm.dll+0x5d004]
V  [jvm.dll+0x13785]
V  [jvm.dll+0x68af65]
V  [jvm.dll+0x68913d]
V  [jvm.dll+0x21d628]
V  [jvm.dll+0x21c671]
V  [jvm.dll+0x1a605d]
V  [jvm.dll+0x22c148]
V  [jvm.dll+0x22a209]
V  [jvm.dll+0x7f858c]
V  [jvm.dll+0x7f2aea]
V  [jvm.dll+0x682a35]
C  [ucrtbase.dll+0x29363]
C  [KERNEL32.DLL+0x1257d]
C  [ntdll.dll+0x5aa58]


---------------  P R O C E S S  ---------------

Threads class SMR info:
_java_thread_list=0x000001da9fb26680, length=48, elements={
0x000001dafc48ff50, 0x000001da98716c70, 0x000001da98718d10, 0x000001da988805f0,
0x000001da98892690, 0x000001da988937a0, 0x000001da98896160, 0x000001da98896e40,
0x000001da9889a900, 0x000001da9889fa50, 0x000001da9899cea0, 0x000001da98b50d70,
0x000001da9d85a270, 0x000001da9e6dca60, 0x000001da9e7a05e0, 0x000001da9e65e730,
0x000001da9e64dfb0, 0x000001da9e64e480, 0x000001da9e4a2b50, 0x000001da9e4a56a0,
0x000001da9e4a4d00, 0x000001da9e4a3020, 0x000001da9e4a51d0, 0x000001da9e4a3e90,
0x000001da9e4a5b70, 0x000001da9e4a34f0, 0x000001da9e4a6040, 0x000001da9e4a39c0,
0x000001da9e4a2680, 0x000001da9e4a4360, 0x000001da9e4a4830, 0x000001da9f37d010,
0x000001da9f37e350, 0x000001da9f3821e0, 0x000001da9f3809d0, 0x000001da9f381d10,
0x000001da9f380ea0, 0x000001da9f380500, 0x000001da9f37e820, 0x000001da9f37d9b0,
0x000001da9f37ecf0, 0x000001da9f381370, 0x000001da9f3826b0, 0x000001da9f37d4e0,
0x000001da9f381840, 0x000001da9f37f690, 0x000001da9f3839f0, 0x000001da9f383ec0
}

Java Threads: ( => current thread )
  0x000001dafc48ff50 JavaThread "main" [_thread_blocked, id=17564, stack(0x0000007b62e00000,0x0000007b62f00000)]
  0x000001da98716c70 JavaThread "Reference Handler" daemon [_thread_blocked, id=8920, stack(0x0000007b63500000,0x0000007b63600000)]
  0x000001da98718d10 JavaThread "Finalizer" daemon [_thread_blocked, id=2380, stack(0x0000007b63600000,0x0000007b63700000)]
  0x000001da988805f0 JavaThread "Signal Dispatcher" daemon [_thread_blocked, id=19192, stack(0x0000007b63700000,0x0000007b63800000)]
  0x000001da98892690 JavaThread "Attach Listener" daemon [_thread_blocked, id=9636, stack(0x0000007b63800000,0x0000007b63900000)]
  0x000001da988937a0 JavaThread "Service Thread" daemon [_thread_blocked, id=16720, stack(0x0000007b63900000,0x0000007b63a00000)]
  0x000001da98896160 JavaThread "Monitor Deflation Thread" daemon [_thread_blocked, id=6848, stack(0x0000007b63a00000,0x0000007b63b00000)]
=>0x000001da98896e40 JavaThread "C2 CompilerThread0" daemon [_thread_in_native, id=18276, stack(0x0000007b63b00000,0x0000007b63c00000)]
  0x000001da9889a900 JavaThread "C1 CompilerThread0" daemon [_thread_blocked, id=12928, stack(0x0000007b63c00000,0x0000007b63d00000)]
  0x000001da9889fa50 JavaThread "Sweeper thread" daemon [_thread_blocked, id=19520, stack(0x0000007b63d00000,0x0000007b63e00000)]
  0x000001da9899cea0 JavaThread "Common-Cleaner" daemon [_thread_blocked, id=20396, stack(0x0000007b63e00000,0x0000007b63f00000)]
  0x000001da98b50d70 JavaThread "Notification Thread" daemon [_thread_blocked, id=17528, stack(0x0000007b63f00000,0x0000007b64000000)]
  0x000001da9d85a270 JavaThread "Daemon health stats" [_thread_blocked, id=11864, stack(0x0000007b64500000,0x0000007b64600000)]
  0x000001da9e6dca60 JavaThread "Incoming local TCP Connector on port 50115" [_thread_in_native, id=7908, stack(0x0000007b64600000,0x0000007b64700000)]
  0x000001da9e7a05e0 JavaThread "Daemon" [_thread_blocked, id=11392, stack(0x0000007b64700000,0x0000007b64800000)]
  0x000001da9e65e730 JavaThread "Handler for socket connection from /127.0.0.1:50115 to /127.0.0.1:50116" [_thread_in_native, id=16548, stack(0x0000007b64800000,0x0000007b64900000)]
  0x000001da9e64dfb0 JavaThread "Cancel handler" [_thread_blocked, id=18036, stack(0x0000007b64900000,0x0000007b64a00000)]
  0x000001da9e64e480 JavaThread "Daemon worker" [_thread_in_native, id=17236, stack(0x0000007b64a00000,0x0000007b64b00000)]
  0x000001da9e4a2b50 JavaThread "Asynchronous log dispatcher for DefaultDaemonConnection: socket connection from /127.0.0.1:50115 to /127.0.0.1:50116" [_thread_blocked, id=18208, stack(0x0000007b64b00000,0x0000007b64c00000)]
  0x000001da9e4a56a0 JavaThread "Stdin handler" [_thread_blocked, id=17172, stack(0x0000007b64c00000,0x0000007b64d00000)]
  0x000001da9e4a4d00 JavaThread "Daemon client event forwarder" [_thread_blocked, id=17560, stack(0x0000007b64d00000,0x0000007b64e00000)]
  0x000001da9e4a3020 JavaThread "Daemon periodic checks" [_thread_blocked, id=8064, stack(0x0000007b65500000,0x0000007b65600000)]
  0x000001da9e4a51d0 JavaThread "Cache worker for journal cache (C:\Users\miche\.gradle\caches\journal-1)" [_thread_blocked, id=7872, stack(0x0000007b65600000,0x0000007b65700000)]
  0x000001da9e4a3e90 JavaThread "File lock request listener" [_thread_in_native, id=2732, stack(0x0000007b65700000,0x0000007b65800000)]
  0x000001da9e4a5b70 JavaThread "Cache worker for file hash cache (C:\Users\miche\.gradle\caches\8.2\fileHashes)" [_thread_blocked, id=9176, stack(0x0000007b65900000,0x0000007b65a00000)]
  0x000001da9e4a34f0 JavaThread "File watcher server" daemon [_thread_in_native, id=7352, stack(0x0000007b65800000,0x0000007b65900000)]
  0x000001da9e4a6040 JavaThread "File watcher consumer" daemon [_thread_blocked, id=17232, stack(0x0000007b65a00000,0x0000007b65b00000)]
  0x000001da9e4a39c0 JavaThread "jar transforms" [_thread_blocked, id=17820, stack(0x0000007b65b00000,0x0000007b65c00000)]
  0x000001da9e4a2680 JavaThread "jar transforms Thread 2" [_thread_blocked, id=18992, stack(0x0000007b65c00000,0x0000007b65d00000)]
  0x000001da9e4a4360 JavaThread "jar transforms Thread 3" [_thread_blocked, id=17640, stack(0x0000007b65d00000,0x0000007b65e00000)]
  0x000001da9e4a4830 JavaThread "jar transforms Thread 4" [_thread_blocked, id=18972, stack(0x0000007b65e00000,0x0000007b65f00000)]
  0x000001da9f37d010 JavaThread "jar transforms Thread 5" [_thread_blocked, id=2052, stack(0x0000007b65f00000,0x0000007b66000000)]
  0x000001da9f37e350 JavaThread "jar transforms Thread 6" [_thread_blocked, id=19352, stack(0x0000007b66000000,0x0000007b66100000)]
  0x000001da9f3821e0 JavaThread "jar transforms Thread 7" [_thread_blocked, id=11152, stack(0x0000007b66100000,0x0000007b66200000)]
  0x000001da9f3809d0 JavaThread "jar transforms Thread 8" [_thread_blocked, id=19708, stack(0x0000007b66200000,0x0000007b66300000)]
  0x000001da9f381d10 JavaThread "jar transforms Thread 9" [_thread_blocked, id=15244, stack(0x0000007b66300000,0x0000007b66400000)]
  0x000001da9f380ea0 JavaThread "jar transforms Thread 10" [_thread_blocked, id=15860, stack(0x0000007b66400000,0x0000007b66500000)]
  0x000001da9f380500 JavaThread "jar transforms Thread 11" [_thread_blocked, id=19860, stack(0x0000007b66500000,0x0000007b66600000)]
  0x000001da9f37e820 JavaThread "jar transforms Thread 12" [_thread_blocked, id=19096, stack(0x0000007b66600000,0x0000007b66700000)]
  0x000001da9f37d9b0 JavaThread "Cache worker for checksums cache (C:\Users\miche\AndroidStudioProjects\DA_Proyecto\.gradle\8.2\checksums)" [_thread_blocked, id=12308, stack(0x0000007b66700000,0x0000007b66800000)]
  0x000001da9f37ecf0 JavaThread "Cache worker for cache directory md-rule (C:\Users\miche\.gradle\caches\8.2\md-rule)" [_thread_blocked, id=12772, stack(0x0000007b66800000,0x0000007b66900000)]
  0x000001da9f381370 JavaThread "Cache worker for file content cache (C:\Users\miche\.gradle\caches\8.2\fileContent)" [_thread_blocked, id=5092, stack(0x0000007b66900000,0x0000007b66a00000)]
  0x000001da9f3826b0 JavaThread "Cache worker for file hash cache (C:\Users\miche\AndroidStudioProjects\DA_Proyecto\.gradle\8.2\fileHashes)" [_thread_blocked, id=3816, stack(0x0000007b66a00000,0x0000007b66b00000)]
  0x000001da9f37d4e0 JavaThread "Cache worker for cache directory md-supplier (C:\Users\miche\.gradle\caches\8.2\md-supplier)" [_thread_blocked, id=15460, stack(0x0000007b66b00000,0x0000007b66c00000)]
  0x000001da9f381840 JavaThread "Cache worker for execution history cache (C:\Users\miche\.gradle\caches\8.2\executionHistory)" [_thread_blocked, id=16200, stack(0x0000007b66c00000,0x0000007b66d00000)]
  0x000001da9f37f690 JavaThread "Cache worker for kotlin-dsl (C:\Users\miche\.gradle\caches\8.2\kotlin-dsl)" [_thread_blocked, id=5876, stack(0x0000007b66d00000,0x0000007b66e00000)]
  0x000001da9f3839f0 JavaThread "Cache worker for dependencies-accessors (C:\Users\miche\AndroidStudioProjects\DA_Proyecto\.gradle\8.2\dependencies-accessors)" [_thread_blocked, id=4744, stack(0x0000007b66e00000,0x0000007b66f00000)]
  0x000001da9f383ec0 JavaThread "Cache worker for Build Output Cleanup Cache (C:\Users\miche\AndroidStudioProjects\DA_Proyecto\.gradle\buildOutputCleanup)" [_thread_blocked, id=18716, stack(0x0000007b66f00000,0x0000007b67000000)]

Other Threads:
  0x000001da987125b0 VMThread "VM Thread" [stack: 0x0000007b63400000,0x0000007b63500000] [id=3036]
  0x000001dafc490dc0 WatcherThread [stack: 0x0000007b64000000,0x0000007b64100000] [id=7592]
  0x000001dafc4ec6d0 GCTaskThread "GC Thread#0" [stack: 0x0000007b62f00000,0x0000007b63000000] [id=17600]
  0x000001da9d9d9200 GCTaskThread "GC Thread#1" [stack: 0x0000007b64100000,0x0000007b64200000] [id=14924]
  0x000001da9d679b60 GCTaskThread "GC Thread#2" [stack: 0x0000007b64200000,0x0000007b64300000] [id=14788]
  0x000001da9d679e10 GCTaskThread "GC Thread#3" [stack: 0x0000007b64300000,0x0000007b64400000] [id=900]
  0x000001da9d849cb0 GCTaskThread "GC Thread#4" [stack: 0x0000007b64400000,0x0000007b64500000] [id=7560]
  0x000001da9e6474b0 GCTaskThread "GC Thread#5" [stack: 0x0000007b64e00000,0x0000007b64f00000] [id=344]
  0x000001da9e8583b0 GCTaskThread "GC Thread#6" [stack: 0x0000007b64f00000,0x0000007b65000000] [id=10692]
  0x000001da9e657610 GCTaskThread "GC Thread#7" [stack: 0x0000007b65000000,0x0000007b65100000] [id=15412]
  0x000001da9e89f030 GCTaskThread "GC Thread#8" [stack: 0x0000007b65100000,0x0000007b65200000] [id=5712]
  0x000001da9e89f2e0 GCTaskThread "GC Thread#9" [stack: 0x0000007b65200000,0x0000007b65300000] [id=17500]
  0x000001dafc4fe620 ConcurrentGCThread "G1 Main Marker" [stack: 0x0000007b63000000,0x0000007b63100000] [id=9000]
  0x000001dafc4ff030 ConcurrentGCThread "G1 Conc#0" [stack: 0x0000007b63100000,0x0000007b63200000] [id=15560]
  0x000001da9e89f9a0 ConcurrentGCThread "G1 Conc#1" [stack: 0x0000007b65300000,0x0000007b65400000] [id=2772]
  0x000001da9dcc3910 ConcurrentGCThread "G1 Conc#2" [stack: 0x0000007b65400000,0x0000007b65500000] [id=13072]
  0x000001da9856b890 ConcurrentGCThread "G1 Refine#0" [stack: 0x0000007b63200000,0x0000007b63300000] [id=4204]
  0x000001da9856c2b0 ConcurrentGCThread "G1 Service" [stack: 0x0000007b63300000,0x0000007b63400000] [id=16364]

Threads with active compile tasks:
C2 CompilerThread0    16198 5081       4       com.esotericsoftware.kryo.io.Input::readUtf8 (90 bytes)

VM state: not at safepoint (normal execution)

VM Mutex/Monitor currently owned by a thread: None

Heap address: 0x0000000080000000, size: 2048 MB, Compressed Oops mode: 32-bit

CDS archive(s) not mapped
Compressed class space mapped at: 0x0000000100000000-0x0000000140000000, reserved size: 1073741824
Narrow klass base: 0x0000000000000000, Narrow klass shift: 3, Narrow klass range: 0x140000000

GC Precious Log:
 CPUs: 12 total, 12 available
 Memory: 5989M
 Large Page Support: Disabled
 NUMA Support: Disabled
 Compressed Oops: Enabled (32-bit)
 Heap Region Size: 1M
 Heap Min Capacity: 8M
 Heap Initial Capacity: 94M
 Heap Max Capacity: 2G
 Pre-touch: Disabled
 Parallel Workers: 10
 Concurrent Workers: 3
 Concurrent Refinement Workers: 10
 Periodic GC: Disabled

Heap:
 garbage-first heap   total 138240K, used 94085K [0x0000000080000000, 0x0000000100000000)
  region size 1024K, 32 young (32768K), 5 survivors (5120K)
 Metaspace       used 56735K, committed 57344K, reserved 1114112K
  class space    used 7725K, committed 8000K, reserved 1048576K

Heap Regions: E=young(eden), S=young(survivor), O=old, HS=humongous(starts), HC=humongous(continues), CS=collection set, F=free, OA=open archive, CA=closed archive, TAMS=top-at-mark-start (previous, next)
|   0|0x0000000080000000, 0x0000000080100000, 0x0000000080100000|100%|HS|  |TAMS 0x0000000080100000, 0x0000000080000000| Complete 
|   1|0x0000000080100000, 0x0000000080200000, 0x0000000080200000|100%|HC|  |TAMS 0x0000000080200000, 0x0000000080100000| Complete 
|   2|0x0000000080200000, 0x0000000080300000, 0x0000000080300000|100%|HC|  |TAMS 0x0000000080300000, 0x0000000080200000| Complete 
|   3|0x0000000080300000, 0x0000000080400000, 0x0000000080400000|100%|HC|  |TAMS 0x0000000080400000, 0x0000000080300000| Complete 
|   4|0x0000000080400000, 0x0000000080500000, 0x0000000080500000|100%| O|  |TAMS 0x0000000080500000, 0x0000000080400000| Untracked 
|   5|0x0000000080500000, 0x0000000080600000, 0x0000000080600000|100%| O|  |TAMS 0x0000000080600000, 0x0000000080500000| Untracked 
|   6|0x0000000080600000, 0x0000000080700000, 0x0000000080700000|100%| O|  |TAMS 0x0000000080700000, 0x0000000080600000| Untracked 
|   7|0x0000000080700000, 0x0000000080800000, 0x0000000080800000|100%| O|  |TAMS 0x0000000080800000, 0x0000000080700000| Untracked 
|   8|0x0000000080800000, 0x0000000080866c00, 0x0000000080900000| 40%| O|  |TAMS 0x0000000080866c00, 0x0000000080800000| Untracked 
|   9|0x0000000080900000, 0x0000000080a00000, 0x0000000080a00000|100%| O|  |TAMS 0x0000000080a00000, 0x0000000080900000| Untracked 
|  10|0x0000000080a00000, 0x0000000080b00000, 0x0000000080b00000|100%| O|  |TAMS 0x0000000080b00000, 0x0000000080a00000| Untracked 
|  11|0x0000000080b00000, 0x0000000080c00000, 0x0000000080c00000|100%| O|  |TAMS 0x0000000080c00000, 0x0000000080b00000| Untracked 
|  12|0x0000000080c00000, 0x0000000080d00000, 0x0000000080d00000|100%| O|  |TAMS 0x0000000080d00000, 0x0000000080c00000| Untracked 
|  13|0x0000000080d00000, 0x0000000080e00000, 0x0000000080e00000|100%| O|  |TAMS 0x0000000080e00000, 0x0000000080d00000| Untracked 
|  14|0x0000000080e00000, 0x0000000080f00000, 0x0000000080f00000|100%| O|  |TAMS 0x0000000080f00000, 0x0000000080e00000| Untracked 
|  15|0x0000000080f00000, 0x0000000081000000, 0x0000000081000000|100%| O|  |TAMS 0x0000000081000000, 0x0000000080f00000| Untracked 
|  16|0x0000000081000000, 0x0000000081100000, 0x0000000081100000|100%| O|  |TAMS 0x0000000081100000, 0x0000000081000000| Untracked 
|  17|0x0000000081100000, 0x0000000081200000, 0x0000000081200000|100%| O|  |TAMS 0x0000000081200000, 0x0000000081100000| Untracked 
|  18|0x0000000081200000, 0x0000000081300000, 0x0000000081300000|100%| O|  |TAMS 0x0000000081300000, 0x0000000081200000| Untracked 
|  19|0x0000000081300000, 0x0000000081400000, 0x0000000081400000|100%|HS|  |TAMS 0x0000000081400000, 0x0000000081300000| Complete 
|  20|0x0000000081400000, 0x0000000081500000, 0x0000000081500000|100%|HC|  |TAMS 0x0000000081500000, 0x0000000081400000| Complete 
|  21|0x0000000081500000, 0x0000000081600000, 0x0000000081600000|100%|HS|  |TAMS 0x0000000081600000, 0x0000000081500000| Complete 
|  22|0x0000000081600000, 0x0000000081700000, 0x0000000081700000|100%|HC|  |TAMS 0x0000000081700000, 0x0000000081600000| Complete 
|  23|0x0000000081700000, 0x0000000081800000, 0x0000000081800000|100%|HC|  |TAMS 0x0000000081800000, 0x0000000081700000| Complete 
|  24|0x0000000081800000, 0x0000000081900000, 0x0000000081900000|100%|HS|  |TAMS 0x0000000081900000, 0x0000000081800000| Complete 
|  25|0x0000000081900000, 0x0000000081a00000, 0x0000000081a00000|100%|HC|  |TAMS 0x0000000081a00000, 0x0000000081900000| Complete 
|  26|0x0000000081a00000, 0x0000000081b00000, 0x0000000081b00000|100%| O|  |TAMS 0x0000000081b00000, 0x0000000081a00000| Untracked 
|  27|0x0000000081b00000, 0x0000000081c00000, 0x0000000081c00000|100%| O|  |TAMS 0x0000000081c00000, 0x0000000081b00000| Untracked 
|  28|0x0000000081c00000, 0x0000000081d00000, 0x0000000081d00000|100%| O|  |TAMS 0x0000000081d00000, 0x0000000081c00000| Untracked 
|  29|0x0000000081d00000, 0x0000000081e00000, 0x0000000081e00000|100%| O|  |TAMS 0x0000000081e00000, 0x0000000081d00000| Untracked 
|  30|0x0000000081e00000, 0x0000000081f00000, 0x0000000081f00000|100%| O|  |TAMS 0x0000000081f00000, 0x0000000081e00000| Untracked 
|  31|0x0000000081f00000, 0x0000000082000000, 0x0000000082000000|100%|HS|  |TAMS 0x0000000082000000, 0x0000000081f00000| Complete 
|  32|0x0000000082000000, 0x0000000082100000, 0x0000000082100000|100%|HC|  |TAMS 0x0000000082100000, 0x0000000082000000| Complete 
|  33|0x0000000082100000, 0x0000000082200000, 0x0000000082200000|100%|HC|  |TAMS 0x0000000082200000, 0x0000000082100000| Complete 
|  34|0x0000000082200000, 0x0000000082300000, 0x0000000082300000|100%|HC|  |TAMS 0x0000000082300000, 0x0000000082200000| Complete 
|  35|0x0000000082300000, 0x0000000082400000, 0x0000000082400000|100%|HC|  |TAMS 0x0000000082400000, 0x0000000082300000| Complete 
|  36|0x0000000082400000, 0x0000000082500000, 0x0000000082500000|100%|HC|  |TAMS 0x0000000082500000, 0x0000000082400000| Complete 
|  37|0x0000000082500000, 0x0000000082600000, 0x0000000082600000|100%|HC|  |TAMS 0x0000000082600000, 0x0000000082500000| Complete 
|  38|0x0000000082600000, 0x0000000082700000, 0x0000000082700000|100%|HC|  |TAMS 0x0000000082700000, 0x0000000082600000| Complete 
|  39|0x0000000082700000, 0x0000000082800000, 0x0000000082800000|100%|HC|  |TAMS 0x0000000082800000, 0x0000000082700000| Complete 
|  40|0x0000000082800000, 0x0000000082900000, 0x0000000082900000|100%|HC|  |TAMS 0x0000000082900000, 0x0000000082800000| Complete 
|  41|0x0000000082900000, 0x0000000082a00000, 0x0000000082a00000|100%|HC|  |TAMS 0x0000000082a00000, 0x0000000082900000| Complete 
|  42|0x0000000082a00000, 0x0000000082b00000, 0x0000000082b00000|100%|HC|  |TAMS 0x0000000082b00000, 0x0000000082a00000| Complete 
|  43|0x0000000082b00000, 0x0000000082c00000, 0x0000000082c00000|100%|HS|  |TAMS 0x0000000082c00000, 0x0000000082b00000| Complete 
|  44|0x0000000082c00000, 0x0000000082d00000, 0x0000000082d00000|100%|HC|  |TAMS 0x0000000082d00000, 0x0000000082c00000| Complete 
|  45|0x0000000082d00000, 0x0000000082e00000, 0x0000000082e00000|100%| O|  |TAMS 0x0000000082e00000, 0x0000000082d00000| Untracked 
|  46|0x0000000082e00000, 0x0000000082f00000, 0x0000000082f00000|100%| O|  |TAMS 0x0000000082f00000, 0x0000000082e00000| Untracked 
|  47|0x0000000082f00000, 0x0000000083000000, 0x0000000083000000|100%| O|  |TAMS 0x0000000083000000, 0x0000000082f00000| Untracked 
|  48|0x0000000083000000, 0x0000000083100000, 0x0000000083100000|100%| O|  |TAMS 0x0000000083100000, 0x0000000083000000| Untracked 
|  49|0x0000000083100000, 0x0000000083200000, 0x0000000083200000|100%| O|  |TAMS 0x0000000083200000, 0x0000000083100000| Untracked 
|  50|0x0000000083200000, 0x0000000083300000, 0x0000000083300000|100%| O|  |TAMS 0x0000000083300000, 0x0000000083200000| Untracked 
|  51|0x0000000083300000, 0x0000000083400000, 0x0000000083400000|100%| O|  |TAMS 0x0000000083400000, 0x0000000083300000| Untracked 
|  52|0x0000000083400000, 0x0000000083500000, 0x0000000083500000|100%| O|  |TAMS 0x0000000083500000, 0x0000000083400000| Untracked 
|  53|0x0000000083500000, 0x0000000083600000, 0x0000000083600000|100%|HS|  |TAMS 0x0000000083600000, 0x0000000083500000| Complete 
|  54|0x0000000083600000, 0x0000000083700000, 0x0000000083700000|100%|HC|  |TAMS 0x0000000083700000, 0x0000000083600000| Complete 
|  55|0x0000000083700000, 0x0000000083800000, 0x0000000083800000|100%|HC|  |TAMS 0x0000000083800000, 0x0000000083700000| Complete 
|  56|0x0000000083800000, 0x0000000083900000, 0x0000000083900000|100%| O|  |TAMS 0x0000000083900000, 0x0000000083800000| Untracked 
|  57|0x0000000083900000, 0x0000000083a00000, 0x0000000083a00000|100%| O|  |TAMS 0x0000000083a00000, 0x0000000083900000| Untracked 
|  58|0x0000000083a00000, 0x0000000083b00000, 0x0000000083b00000|100%| O|  |TAMS 0x0000000083b00000, 0x0000000083a00000| Untracked 
|  59|0x0000000083b00000, 0x0000000083c00000, 0x0000000083c00000|100%| O|  |TAMS 0x0000000083c00000, 0x0000000083b00000| Untracked 
|  60|0x0000000083c00000, 0x0000000083d00000, 0x0000000083d00000|100%| O|  |TAMS 0x0000000083d00000, 0x0000000083c00000| Untracked 
|  61|0x0000000083d00000, 0x0000000083dcce00, 0x0000000083e00000| 80%| O|  |TAMS 0x0000000083dcce00, 0x0000000083d00000| Untracked 
|  62|0x0000000083e00000, 0x0000000083e00000, 0x0000000083f00000|  0%| F|  |TAMS 0x0000000083e00000, 0x0000000083e00000| Untracked 
|  63|0x0000000083f00000, 0x0000000083f00000, 0x0000000084000000|  0%| F|  |TAMS 0x0000000083f00000, 0x0000000083f00000| Untracked 
|  64|0x0000000084000000, 0x0000000084000000, 0x0000000084100000|  0%| F|  |TAMS 0x0000000084000000, 0x0000000084000000| Untracked 
|  65|0x0000000084100000, 0x0000000084100000, 0x0000000084200000|  0%| F|  |TAMS 0x0000000084100000, 0x0000000084100000| Untracked 
|  66|0x0000000084200000, 0x0000000084200000, 0x0000000084300000|  0%| F|  |TAMS 0x0000000084200000, 0x0000000084200000| Untracked 
|  67|0x0000000084300000, 0x0000000084300000, 0x0000000084400000|  0%| F|  |TAMS 0x0000000084300000, 0x0000000084300000| Untracked 
|  68|0x0000000084400000, 0x0000000084400000, 0x0000000084500000|  0%| F|  |TAMS 0x0000000084400000, 0x0000000084400000| Untracked 
|  69|0x0000000084500000, 0x0000000084500000, 0x0000000084600000|  0%| F|  |TAMS 0x0000000084500000, 0x0000000084500000| Untracked 
|  70|0x0000000084600000, 0x0000000084600000, 0x0000000084700000|  0%| F|  |TAMS 0x0000000084600000, 0x0000000084600000| Untracked 
|  71|0x0000000084700000, 0x0000000084700000, 0x0000000084800000|  0%| F|  |TAMS 0x0000000084700000, 0x0000000084700000| Untracked 
|  72|0x0000000084800000, 0x0000000084800000, 0x0000000084900000|  0%| F|  |TAMS 0x0000000084800000, 0x0000000084800000| Untracked 
|  73|0x0000000084900000, 0x0000000084900000, 0x0000000084a00000|  0%| F|  |TAMS 0x0000000084900000, 0x0000000084900000| Untracked 
|  74|0x0000000084a00000, 0x0000000084a00000, 0x0000000084b00000|  0%| F|  |TAMS 0x0000000084a00000, 0x0000000084a00000| Untracked 
|  75|0x0000000084b00000, 0x0000000084b00000, 0x0000000084c00000|  0%| F|  |TAMS 0x0000000084b00000, 0x0000000084b00000| Untracked 
|  76|0x0000000084c00000, 0x0000000084c00000, 0x0000000084d00000|  0%| F|  |TAMS 0x0000000084c00000, 0x0000000084c00000| Untracked 
|  77|0x0000000084d00000, 0x0000000084d00000, 0x0000000084e00000|  0%| F|  |TAMS 0x0000000084d00000, 0x0000000084d00000| Untracked 
|  78|0x0000000084e00000, 0x0000000084e00000, 0x0000000084f00000|  0%| F|  |TAMS 0x0000000084e00000, 0x0000000084e00000| Untracked 
|  79|0x0000000084f00000, 0x0000000084f00000, 0x0000000085000000|  0%| F|  |TAMS 0x0000000084f00000, 0x0000000084f00000| Untracked 
|  80|0x0000000085000000, 0x0000000085000000, 0x0000000085100000|  0%| F|  |TAMS 0x0000000085000000, 0x0000000085000000| Untracked 
|  81|0x0000000085100000, 0x0000000085100000, 0x0000000085200000|  0%| F|  |TAMS 0x0000000085100000, 0x0000000085100000| Untracked 
|  82|0x0000000085200000, 0x0000000085200000, 0x0000000085300000|  0%| F|  |TAMS 0x0000000085200000, 0x0000000085200000| Untracked 
|  83|0x0000000085300000, 0x0000000085300000, 0x0000000085400000|  0%| F|  |TAMS 0x0000000085300000, 0x0000000085300000| Untracked 
|  84|0x0000000085400000, 0x0000000085400000, 0x0000000085500000|  0%| F|  |TAMS 0x0000000085400000, 0x0000000085400000| Untracked 
|  85|0x0000000085500000, 0x0000000085500000, 0x0000000085600000|  0%| F|  |TAMS 0x0000000085500000, 0x0000000085500000| Untracked 
|  86|0x0000000085600000, 0x0000000085600000, 0x0000000085700000|  0%| F|  |TAMS 0x0000000085600000, 0x0000000085600000| Untracked 
|  87|0x0000000085700000, 0x0000000085700000, 0x0000000085800000|  0%| F|  |TAMS 0x0000000085700000, 0x0000000085700000| Untracked 
|  88|0x0000000085800000, 0x0000000085800000, 0x0000000085900000|  0%| F|  |TAMS 0x0000000085800000, 0x0000000085800000| Untracked 
|  89|0x0000000085900000, 0x0000000085900000, 0x0000000085a00000|  0%| F|  |TAMS 0x0000000085900000, 0x0000000085900000| Untracked 
|  90|0x0000000085a00000, 0x0000000085a00000, 0x0000000085b00000|  0%| F|  |TAMS 0x0000000085a00000, 0x0000000085a00000| Untracked 
|  91|0x0000000085b00000, 0x0000000085badc20, 0x0000000085c00000| 67%| S|CS|TAMS 0x0000000085b00000, 0x0000000085b00000| Complete 
|  92|0x0000000085c00000, 0x0000000085d00000, 0x0000000085d00000|100%| S|CS|TAMS 0x0000000085c00000, 0x0000000085c00000| Complete 
|  93|0x0000000085d00000, 0x0000000085e00000, 0x0000000085e00000|100%| S|CS|TAMS 0x0000000085d00000, 0x0000000085d00000| Complete 
|  94|0x0000000085e00000, 0x0000000085f00000, 0x0000000085f00000|100%| S|CS|TAMS 0x0000000085e00000, 0x0000000085e00000| Complete 
|  95|0x0000000085f00000, 0x0000000086000000, 0x0000000086000000|100%| S|CS|TAMS 0x0000000085f00000, 0x0000000085f00000| Complete 
|  96|0x0000000086000000, 0x0000000086000000, 0x0000000086100000|  0%| F|  |TAMS 0x0000000086000000, 0x0000000086000000| Untracked 
|  97|0x0000000086100000, 0x0000000086100000, 0x0000000086200000|  0%| F|  |TAMS 0x0000000086100000, 0x0000000086100000| Untracked 
|  98|0x0000000086200000, 0x0000000086200000, 0x0000000086300000|  0%| F|  |TAMS 0x0000000086200000, 0x0000000086200000| Untracked 
|  99|0x0000000086300000, 0x0000000086300000, 0x0000000086400000|  0%| F|  |TAMS 0x0000000086300000, 0x0000000086300000| Untracked 
| 100|0x0000000086400000, 0x0000000086400000, 0x0000000086500000|  0%| F|  |TAMS 0x0000000086400000, 0x0000000086400000| Untracked 
| 101|0x0000000086500000, 0x0000000086500000, 0x0000000086600000|  0%| F|  |TAMS 0x0000000086500000, 0x0000000086500000| Untracked 
| 102|0x0000000086600000, 0x0000000086600000, 0x0000000086700000|  0%| F|  |TAMS 0x0000000086600000, 0x0000000086600000| Untracked 
| 103|0x0000000086700000, 0x0000000086700000, 0x0000000086800000|  0%| F|  |TAMS 0x0000000086700000, 0x0000000086700000| Untracked 
| 104|0x0000000086800000, 0x0000000086800000, 0x0000000086900000|  0%| F|  |TAMS 0x0000000086800000, 0x0000000086800000| Untracked 
| 105|0x0000000086900000, 0x0000000086900000, 0x0000000086a00000|  0%| F|  |TAMS 0x0000000086900000, 0x0000000086900000| Untracked 
| 106|0x0000000086a00000, 0x0000000086a00000, 0x0000000086b00000|  0%| F|  |TAMS 0x0000000086a00000, 0x0000000086a00000| Untracked 
| 107|0x0000000086b00000, 0x0000000086b00000, 0x0000000086c00000|  0%| F|  |TAMS 0x0000000086b00000, 0x0000000086b00000| Untracked 
| 108|0x0000000086c00000, 0x0000000086d00000, 0x0000000086d00000|100%| E|  |TAMS 0x0000000086c00000, 0x0000000086c00000| Complete 
| 109|0x0000000086d00000, 0x0000000086e00000, 0x0000000086e00000|100%| E|CS|TAMS 0x0000000086d00000, 0x0000000086d00000| Complete 
| 110|0x0000000086e00000, 0x0000000086f00000, 0x0000000086f00000|100%| E|CS|TAMS 0x0000000086e00000, 0x0000000086e00000| Complete 
| 111|0x0000000086f00000, 0x0000000087000000, 0x0000000087000000|100%| E|CS|TAMS 0x0000000086f00000, 0x0000000086f00000| Complete 
| 112|0x0000000087000000, 0x0000000087100000, 0x0000000087100000|100%| E|CS|TAMS 0x0000000087000000, 0x0000000087000000| Complete 
| 113|0x0000000087100000, 0x0000000087200000, 0x0000000087200000|100%| E|CS|TAMS 0x0000000087100000, 0x0000000087100000| Complete 
| 114|0x0000000087200000, 0x0000000087300000, 0x0000000087300000|100%| E|CS|TAMS 0x0000000087200000, 0x0000000087200000| Complete 
| 115|0x0000000087300000, 0x0000000087400000, 0x0000000087400000|100%| E|CS|TAMS 0x0000000087300000, 0x0000000087300000| Complete 
| 116|0x0000000087400000, 0x0000000087500000, 0x0000000087500000|100%| E|CS|TAMS 0x0000000087400000, 0x0000000087400000| Complete 
| 117|0x0000000087500000, 0x0000000087600000, 0x0000000087600000|100%| E|CS|TAMS 0x0000000087500000, 0x0000000087500000| Complete 
| 118|0x0000000087600000, 0x0000000087700000, 0x0000000087700000|100%| E|CS|TAMS 0x0000000087600000, 0x0000000087600000| Complete 
| 119|0x0000000087700000, 0x0000000087800000, 0x0000000087800000|100%| E|CS|TAMS 0x0000000087700000, 0x0000000087700000| Complete 
| 120|0x0000000087800000, 0x0000000087900000, 0x0000000087900000|100%| E|CS|TAMS 0x0000000087800000, 0x0000000087800000| Complete 
| 121|0x0000000087900000, 0x0000000087a00000, 0x0000000087a00000|100%| E|CS|TAMS 0x0000000087900000, 0x0000000087900000| Complete 
| 122|0x0000000087a00000, 0x0000000087b00000, 0x0000000087b00000|100%| E|CS|TAMS 0x0000000087a00000, 0x0000000087a00000| Complete 
| 123|0x0000000087b00000, 0x0000000087c00000, 0x0000000087c00000|100%| E|CS|TAMS 0x0000000087b00000, 0x0000000087b00000| Complete 
| 124|0x0000000087c00000, 0x0000000087d00000, 0x0000000087d00000|100%| E|CS|TAMS 0x0000000087c00000, 0x0000000087c00000| Complete 
| 125|0x0000000087d00000, 0x0000000087e00000, 0x0000000087e00000|100%| E|CS|TAMS 0x0000000087d00000, 0x0000000087d00000| Complete 
| 126|0x0000000087e00000, 0x0000000087f00000, 0x0000000087f00000|100%| E|CS|TAMS 0x0000000087e00000, 0x0000000087e00000| Complete 
| 127|0x0000000087f00000, 0x0000000088000000, 0x0000000088000000|100%| E|CS|TAMS 0x0000000087f00000, 0x0000000087f00000| Complete 
| 128|0x0000000088000000, 0x0000000088100000, 0x0000000088100000|100%| E|CS|TAMS 0x0000000088000000, 0x0000000088000000| Complete 
| 129|0x0000000088100000, 0x0000000088200000, 0x0000000088200000|100%| E|CS|TAMS 0x0000000088100000, 0x0000000088100000| Complete 
| 130|0x0000000088200000, 0x0000000088300000, 0x0000000088300000|100%| E|CS|TAMS 0x0000000088200000, 0x0000000088200000| Complete 
| 131|0x0000000088300000, 0x0000000088400000, 0x0000000088400000|100%| E|CS|TAMS 0x0000000088300000, 0x0000000088300000| Complete 
| 132|0x0000000088400000, 0x0000000088500000, 0x0000000088500000|100%| E|CS|TAMS 0x0000000088400000, 0x0000000088400000| Complete 
| 133|0x0000000088500000, 0x0000000088600000, 0x0000000088600000|100%| E|CS|TAMS 0x0000000088500000, 0x0000000088500000| Complete 
| 134|0x0000000088600000, 0x0000000088700000, 0x0000000088700000|100%| E|CS|TAMS 0x0000000088600000, 0x0000000088600000| Complete 

Card table byte_map: [0x000001dafedb0000,0x000001daff1b0000] _byte_map_base: 0x000001dafe9b0000

Marking Bits (Prev, Next): (CMBitMap*) 0x000001dafc4edd30, (CMBitMap*) 0x000001dafc4edcf0
 Prev Bits: [0x000001da94410000, 0x000001da96410000)
 Next Bits: [0x000001da92410000, 0x000001da94410000)

Polling page: 0x000001dafc550000

Metaspace:

Usage:
  Non-class:     47.86 MB used.
      Class:      7.54 MB used.
       Both:     55.41 MB used.

Virtual space:
  Non-class space:       64.00 MB reserved,      48.19 MB ( 75%) committed,  1 nodes.
      Class space:        1.00 GB reserved,       7.81 MB ( <1%) committed,  1 nodes.
             Both:        1.06 GB reserved,      56.00 MB (  5%) committed. 

Chunk freelists:
   Non-Class:  15.30 MB
       Class:  8.13 MB
        Both:  23.43 MB

MaxMetaspaceSize: unlimited
CompressedClassSpaceSize: 1.00 GB
Initial GC threshold: 21.00 MB
Current GC threshold: 88.44 MB
CDS: off
MetaspaceReclaimPolicy: balanced
 - commit_granule_bytes: 65536.
 - commit_granule_words: 8192.
 - virtual_space_node_default_size: 8388608.
 - enlarge_chunks_in_place: 1.
 - new_chunks_are_fully_committed: 0.
 - uncommit_free_chunks: 1.
 - use_allocation_guard: 0.
 - handle_deallocations: 1.


Internal statistics:

num_allocs_failed_limit: 3.
num_arena_births: 714.
num_arena_deaths: 0.
num_vsnodes_births: 2.
num_vsnodes_deaths: 0.
num_space_committed: 896.
num_space_uncommitted: 0.
num_chunks_returned_to_freelist: 3.
num_chunks_taken_from_freelist: 2672.
num_chunk_merges: 0.
num_chunk_splits: 1719.
num_chunks_enlarged: 1124.
num_inconsistent_stats: 0.

CodeHeap 'non-profiled nmethods': size=120000Kb used=3160Kb max_used=3160Kb free=116839Kb
 bounds [0x000001da8aee0000, 0x000001da8b200000, 0x000001da92410000]
CodeHeap 'profiled nmethods': size=120000Kb used=10632Kb max_used=10632Kb free=109367Kb
 bounds [0x000001da83410000, 0x000001da83e80000, 0x000001da8a940000]
CodeHeap 'non-nmethods': size=5760Kb used=2340Kb max_used=2372Kb free=3419Kb
 bounds [0x000001da8a940000, 0x000001da8abb0000, 0x000001da8aee0000]
 total_blobs=6023 nmethods=5180 adapters=753
 compilation: enabled
              stopped_count=0, restarted_count=0
 full_count=0

Compilation events (20 events):
Event: 14.762 Thread 0x000001da9889a900 5155       3       com.google.common.collect.Sets$ImprovedAbstractSet::<init> (5 bytes)
Event: 14.762 Thread 0x000001da9889a900 nmethod 5155 0x000001da83e5a110 code [0x000001da83e5a2c0, 0x000001da83e5a4f8]
Event: 14.762 Thread 0x000001da9889a900 5158       1       org.gradle.api.internal.artifacts.ivyservice.resolveengine.graph.builder.ModuleResolveState::getId (5 bytes)
Event: 14.762 Thread 0x000001da9889a900 nmethod 5158 0x000001da8b1e4a10 code [0x000001da8b1e4ba0, 0x000001da8b1e4c78]
Event: 14.762 Thread 0x000001da9889a900 5159       1       org.gradle.api.internal.artifacts.ivyservice.resolveengine.graph.builder.SelectorState::getVersionConstraint (5 bytes)
Event: 14.762 Thread 0x000001da9889a900 nmethod 5159 0x000001da8b1e4d10 code [0x000001da8b1e4ea0, 0x000001da8b1e4f78]
Event: 14.762 Thread 0x000001da9889a900 5157       1       org.gradle.api.internal.artifacts.DefaultModuleVersionIdentifier::hashCode (5 bytes)
Event: 14.763 Thread 0x000001da9889a900 nmethod 5157 0x000001da8b1e5010 code [0x000001da8b1e51a0, 0x000001da8b1e5278]
Event: 14.763 Thread 0x000001da9889a900 5156       1       org.gradle.internal.component.external.model.GradleDependencyMetadata::isEndorsingStrictVersions (5 bytes)
Event: 14.763 Thread 0x000001da9889a900 nmethod 5156 0x000001da8b1e5310 code [0x000001da8b1e54a0, 0x000001da8b1e5578]
Event: 14.763 Thread 0x000001da9889a900 5160       1       org.gradle.internal.component.external.model.DefaultModuleComponentSelector::getModuleIdentifier (5 bytes)
Event: 14.763 Thread 0x000001da9889a900 nmethod 5160 0x000001da8b1e5610 code [0x000001da8b1e57a0, 0x000001da8b1e5878]
Event: 14.763 Thread 0x000001da9889a900 5161       1       org.gradle.api.internal.artifacts.ivyservice.resolveengine.graph.builder.ModuleResolveState::getSelected (5 bytes)
Event: 14.763 Thread 0x000001da9889a900 nmethod 5161 0x000001da8b1e5910 code [0x000001da8b1e5aa0, 0x000001da8b1e5b78]
Event: 14.763 Thread 0x000001da9889a900 5162       1       org.gradle.api.internal.artifacts.ivyservice.resolveengine.graph.builder.EdgeState::getSelector (5 bytes)
Event: 14.763 Thread 0x000001da9889a900 nmethod 5162 0x000001da8b1e5c10 code [0x000001da8b1e5da0, 0x000001da8b1e5e78]
Event: 14.831 Thread 0x000001da98896e40 nmethod 5023 0x000001da8b1e5f10 code [0x000001da8b1e72c0, 0x000001da8b1eeb88]
Event: 14.831 Thread 0x000001da98896e40 5106       4       java.util.Arrays::copyOf (40 bytes)
Event: 14.834 Thread 0x000001da98896e40 nmethod 5106 0x000001da8b1f3c10 code [0x000001da8b1f3da0, 0x000001da8b1f4218]
Event: 14.834 Thread 0x000001da98896e40 5081       4       com.esotericsoftware.kryo.io.Input::readUtf8 (90 bytes)

GC Heap History (20 events):
Event: 7.956 GC heap before
{Heap before GC invocations=10 (full 0):
 garbage-first heap   total 81920K, used 58707K [0x0000000080000000, 0x0000000100000000)
  region size 1024K, 15 young (15360K), 2 survivors (2048K)
 Metaspace       used 31302K, committed 31680K, reserved 1114112K
  class space    used 4280K, committed 4480K, reserved 1048576K
}
Event: 7.958 GC heap after
{Heap after GC invocations=11 (full 0):
 garbage-first heap   total 81920K, used 48608K [0x0000000080000000, 0x0000000100000000)
  region size 1024K, 2 young (2048K), 2 survivors (2048K)
 Metaspace       used 31302K, committed 31680K, reserved 1114112K
  class space    used 4280K, committed 4480K, reserved 1048576K
}
Event: 8.444 GC heap before
{Heap before GC invocations=11 (full 0):
 garbage-first heap   total 81920K, used 62944K [0x0000000080000000, 0x0000000100000000)
  region size 1024K, 16 young (16384K), 2 survivors (2048K)
 Metaspace       used 33130K, committed 33472K, reserved 1114112K
  class space    used 4584K, committed 4736K, reserved 1048576K
}
Event: 8.446 GC heap after
{Heap after GC invocations=12 (full 0):
 garbage-first heap   total 81920K, used 49469K [0x0000000080000000, 0x0000000100000000)
  region size 1024K, 1 young (1024K), 1 survivors (1024K)
 Metaspace       used 33130K, committed 33472K, reserved 1114112K
  class space    used 4584K, committed 4736K, reserved 1048576K
}
Event: 8.740 GC heap before
{Heap before GC invocations=13 (full 0):
 garbage-first heap   total 87040K, used 62781K [0x0000000080000000, 0x0000000100000000)
  region size 1024K, 15 young (15360K), 1 survivors (1024K)
 Metaspace       used 34922K, committed 35328K, reserved 1114112K
  class space    used 4870K, committed 5056K, reserved 1048576K
}
Event: 8.742 GC heap after
{Heap after GC invocations=14 (full 0):
 garbage-first heap   total 108544K, used 50067K [0x0000000080000000, 0x0000000100000000)
  region size 1024K, 2 young (2048K), 2 survivors (2048K)
 Metaspace       used 34922K, committed 35328K, reserved 1114112K
  class space    used 4870K, committed 5056K, reserved 1048576K
}
Event: 10.047 GC heap before
{Heap before GC invocations=14 (full 0):
 garbage-first heap   total 108544K, used 80787K [0x0000000080000000, 0x0000000100000000)
  region size 1024K, 33 young (33792K), 2 survivors (2048K)
 Metaspace       used 41917K, committed 42304K, reserved 1114112K
  class space    used 5654K, committed 5824K, reserved 1048576K
}
Event: 10.051 GC heap after
{Heap after GC invocations=15 (full 0):
 garbage-first heap   total 108544K, used 53906K [0x0000000080000000, 0x0000000100000000)
  region size 1024K, 5 young (5120K), 5 survivors (5120K)
 Metaspace       used 41917K, committed 42304K, reserved 1114112K
  class space    used 5654K, committed 5824K, reserved 1048576K
}
Event: 10.208 GC heap before
{Heap before GC invocations=16 (full 0):
 garbage-first heap   total 108544K, used 78482K [0x0000000080000000, 0x0000000100000000)
  region size 1024K, 30 young (30720K), 5 survivors (5120K)
 Metaspace       used 42850K, committed 43264K, reserved 1114112K
  class space    used 5741K, committed 5952K, reserved 1048576K
}
Event: 10.212 GC heap after
{Heap after GC invocations=17 (full 0):
 garbage-first heap   total 108544K, used 56386K [0x0000000080000000, 0x0000000100000000)
  region size 1024K, 4 young (4096K), 4 survivors (4096K)
 Metaspace       used 42850K, committed 43264K, reserved 1114112K
  class space    used 5741K, committed 5952K, reserved 1048576K
}
Event: 10.685 GC heap before
{Heap before GC invocations=18 (full 0):
 garbage-first heap   total 108544K, used 88130K [0x0000000080000000, 0x0000000100000000)
  region size 1024K, 31 young (31744K), 4 survivors (4096K)
 Metaspace       used 46939K, committed 47360K, reserved 1114112K
  class space    used 6247K, committed 6464K, reserved 1048576K
}
Event: 10.688 GC heap after
{Heap after GC invocations=19 (full 0):
 garbage-first heap   total 108544K, used 57642K [0x0000000080000000, 0x0000000100000000)
  region size 1024K, 2 young (2048K), 2 survivors (2048K)
 Metaspace       used 46939K, committed 47360K, reserved 1114112K
  class space    used 6247K, committed 6464K, reserved 1048576K
}
Event: 11.549 GC heap before
{Heap before GC invocations=19 (full 0):
 garbage-first heap   total 108544K, used 73002K [0x0000000080000000, 0x0000000100000000)
  region size 1024K, 18 young (18432K), 2 survivors (2048K)
 Metaspace       used 47915K, committed 48448K, reserved 1114112K
  class space    used 6399K, committed 6656K, reserved 1048576K
}
Event: 11.552 GC heap after
{Heap after GC invocations=20 (full 0):
 garbage-first heap   total 108544K, used 59769K [0x0000000080000000, 0x0000000100000000)
  region size 1024K, 4 young (4096K), 4 survivors (4096K)
 Metaspace       used 47915K, committed 48448K, reserved 1114112K
  class space    used 6399K, committed 6656K, reserved 1048576K
}
Event: 11.604 GC heap before
{Heap before GC invocations=21 (full 0):
 garbage-first heap   total 108544K, used 65913K [0x0000000080000000, 0x0000000100000000)
  region size 1024K, 9 young (9216K), 4 survivors (4096K)
 Metaspace       used 48238K, committed 48768K, reserved 1114112K
  class space    used 6422K, committed 6656K, reserved 1048576K
}
Event: 11.606 GC heap after
{Heap after GC invocations=22 (full 0):
 garbage-first heap   total 108544K, used 64253K [0x0000000080000000, 0x0000000100000000)
  region size 1024K, 2 young (2048K), 2 survivors (2048K)
 Metaspace       used 48238K, committed 48768K, reserved 1114112K
  class space    used 6422K, committed 6656K, reserved 1048576K
}
Event: 12.063 GC heap before
{Heap before GC invocations=23 (full 0):
 garbage-first heap   total 114688K, used 86781K [0x0000000080000000, 0x0000000100000000)
  region size 1024K, 22 young (22528K), 2 survivors (2048K)
 Metaspace       used 50691K, committed 51264K, reserved 1114112K
  class space    used 6682K, committed 6912K, reserved 1048576K
}
Event: 12.065 GC heap after
{Heap after GC invocations=24 (full 0):
 garbage-first heap   total 138240K, used 65237K [0x0000000080000000, 0x0000000100000000)
  region size 1024K, 3 young (3072K), 3 survivors (3072K)
 Metaspace       used 50691K, committed 51264K, reserved 1114112K
  class space    used 6682K, committed 6912K, reserved 1048576K
}
Event: 13.724 GC heap before
{Heap before GC invocations=24 (full 0):
 garbage-first heap   total 138240K, used 105173K [0x0000000080000000, 0x0000000100000000)
  region size 1024K, 42 young (43008K), 3 survivors (3072K)
 Metaspace       used 53657K, committed 54272K, reserved 1114112K
  class space    used 7229K, committed 7552K, reserved 1048576K
}
Event: 13.728 GC heap after
{Heap after GC invocations=25 (full 0):
 garbage-first heap   total 138240K, used 67461K [0x0000000080000000, 0x0000000100000000)
  region size 1024K, 5 young (5120K), 5 survivors (5120K)
 Metaspace       used 53657K, committed 54272K, reserved 1114112K
  class space    used 7229K, committed 7552K, reserved 1048576K
}

Dll operation events (3 events):
Event: 0.359 Loaded shared library C:\Program Files\Android\Android Studio\jbr\bin\java.dll
Event: 0.474 Loaded shared library C:\Program Files\Android\Android Studio\jbr\bin\zip.dll
Event: 1.165 Loaded shared library C:\Program Files\Android\Android Studio\jbr\bin\verify.dll

Deoptimization events (20 events):
Event: 13.842 Thread 0x000001da9e64e480 Uncommon trap: trap_request=0xffffff45 fr.pc=0x000001da8b120964 relative=0x0000000000001704
Event: 13.842 Thread 0x000001da9e64e480 Uncommon trap: reason=unstable_if action=reinterpret pc=0x000001da8b120964 method=java.util.concurrent.ConcurrentHashMap.computeIfAbsent(Ljava/lang/Object;Ljava/util/function/Function;)Ljava/lang/Object; @ 123 c2
Event: 13.842 Thread 0x000001da9e64e480 DEOPT PACKING pc=0x000001da8b120964 sp=0x0000007b64af95f0
Event: 13.842 Thread 0x000001da9e64e480 DEOPT UNPACKING pc=0x000001da8a9969a3 sp=0x0000007b64af9580 mode 2
Event: 13.864 Thread 0x000001da9e64e480 Uncommon trap: trap_request=0xffffff45 fr.pc=0x000001da8af60a74 relative=0x00000000000001d4
Event: 13.864 Thread 0x000001da9e64e480 Uncommon trap: reason=unstable_if action=reinterpret pc=0x000001da8af60a74 method=java.net.URI$Parser.scan(IILjava/lang/String;)I @ 26 c2
Event: 13.864 Thread 0x000001da9e64e480 DEOPT PACKING pc=0x000001da8af60a74 sp=0x0000007b64af8cf0
Event: 13.864 Thread 0x000001da9e64e480 DEOPT UNPACKING pc=0x000001da8a9969a3 sp=0x0000007b64af8c80 mode 2
Event: 13.864 Thread 0x000001da9e64e480 Uncommon trap: trap_request=0xffffff45 fr.pc=0x000001da8b044ea8 relative=0x00000000000000a8
Event: 13.864 Thread 0x000001da9e64e480 Uncommon trap: reason=unstable_if action=reinterpret pc=0x000001da8b044ea8 method=java.net.URI.match(CJJ)Z @ 45 c2
Event: 13.864 Thread 0x000001da9e64e480 DEOPT PACKING pc=0x000001da8b044ea8 sp=0x0000007b64af89a0
Event: 13.864 Thread 0x000001da9e64e480 DEOPT UNPACKING pc=0x000001da8a9969a3 sp=0x0000007b64af8928 mode 2
Event: 14.173 Thread 0x000001da9e64e480 Uncommon trap: trap_request=0xffffff45 fr.pc=0x000001da8b16bcb0 relative=0x0000000000000370
Event: 14.173 Thread 0x000001da9e64e480 Uncommon trap: reason=unstable_if action=reinterpret pc=0x000001da8b16bcb0 method=org.gradle.internal.snapshot.PathUtil.equalChars(CCLorg/gradle/internal/snapshot/CaseSensitivity;)Z @ 40 c2
Event: 14.173 Thread 0x000001da9e64e480 DEOPT PACKING pc=0x000001da8b16bcb0 sp=0x0000007b64af65b0
Event: 14.173 Thread 0x000001da9e64e480 DEOPT UNPACKING pc=0x000001da8a9969a3 sp=0x0000007b64af6540 mode 2
Event: 14.443 Thread 0x000001da9e64e480 Uncommon trap: trap_request=0xffffffcc fr.pc=0x000001da8b1b235c relative=0x000000000000523c
Event: 14.443 Thread 0x000001da9e64e480 Uncommon trap: reason=intrinsic_or_type_checked_inlining action=make_not_entrant pc=0x000001da8b1b235c method=java.util.ArrayList$SubList.toArray([Ljava/lang/Object;)[Ljava/lang/Object; @ 58 c2
Event: 14.443 Thread 0x000001da9e64e480 DEOPT PACKING pc=0x000001da8b1b235c sp=0x0000007b64af7040
Event: 14.443 Thread 0x000001da9e64e480 DEOPT UNPACKING pc=0x000001da8a9969a3 sp=0x0000007b64af6fd8 mode 2

Classes unloaded (0 events):
No events

Classes redefined (0 events):
No events

Internal exceptions (20 events):
Event: 12.667 Thread 0x000001da9e64e480 Exception <a 'java/lang/IncompatibleClassChangeError'{0x000000008703f018}: Found class java.lang.Object, but interface was expected> (0x000000008703f018) 
thrown [s\src\hotspot\share\interpreter\linkResolver.cpp, line 838]
Event: 13.453 Thread 0x000001da9e64e480 Exception <a 'java/lang/ClassNotFoundException'{0x0000000086cc7f78}: org/jetbrains/plugins/gradle/model/web/WebConfigurationBeanInfo> (0x0000000086cc7f78) 
thrown [s\src\hotspot\share\classfile\systemDictionary.cpp, line 256]
Event: 13.454 Thread 0x000001da9e64e480 Exception <a 'java/lang/ClassNotFoundException'{0x0000000086cd0560}: org/jetbrains/plugins/gradle/model/web/WebConfigurationCustomizer> (0x0000000086cd0560) 
thrown [s\src\hotspot\share\classfile\systemDictionary.cpp, line 256]
Event: 13.455 Thread 0x000001da9e64e480 Exception <a 'java/lang/ClassNotFoundException'{0x0000000086cf4170}: org/jetbrains/plugins/gradle/model/scala/ScalaModelBeanInfo> (0x0000000086cf4170) 
thrown [s\src\hotspot\share\classfile\systemDictionary.cpp, line 256]
Event: 13.455 Thread 0x000001da9e64e480 Exception <a 'java/lang/ClassNotFoundException'{0x0000000086cfc6b8}: org/jetbrains/plugins/gradle/model/scala/ScalaModelCustomizer> (0x0000000086cfc6b8) 
thrown [s\src\hotspot\share\classfile\systemDictionary.cpp, line 256]
Event: 13.461 Thread 0x000001da9e64e480 Exception <a 'java/lang/ClassNotFoundException'{0x0000000086b37c50}: org/jetbrains/plugins/gradle/model/DependencyAccessorsModelBeanInfo> (0x0000000086b37c50) 
thrown [s\src\hotspot\share\classfile\systemDictionary.cpp, line 256]
Event: 13.462 Thread 0x000001da9e64e480 Exception <a 'java/lang/ClassNotFoundException'{0x0000000086b40260}: org/jetbrains/plugins/gradle/model/DependencyAccessorsModelCustomizer> (0x0000000086b40260) 
thrown [s\src\hotspot\share\classfile\systemDictionary.cpp, line 256]
Event: 13.684 Thread 0x000001da9e64e480 Exception <a 'java/lang/ClassNotFoundException'{0x000000008633eec0}: org/gradle/api/internal/project/DefaultProject_DecoratedBeanInfo> (0x000000008633eec0) 
thrown [s\src\hotspot\share\classfile\systemDictionary.cpp, line 256]
Event: 13.685 Thread 0x000001da9e64e480 Exception <a 'java/lang/ClassNotFoundException'{0x000000008634bdf8}: org/gradle/api/internal/project/DefaultProjectBeanInfo> (0x000000008634bdf8) 
thrown [s\src\hotspot\share\classfile\systemDictionary.cpp, line 256]
Event: 13.685 Thread 0x000001da9e64e480 Exception <a 'java/lang/ClassNotFoundException'{0x0000000086358d58}: org/gradle/api/internal/project/DefaultProjectCustomizer> (0x0000000086358d58) 
thrown [s\src\hotspot\share\classfile\systemDictionary.cpp, line 256]
Event: 13.688 Thread 0x000001da9e64e480 Exception <a 'java/lang/ClassNotFoundException'{0x00000000862017e8}: org/gradle/api/internal/project/DefaultProject_DecoratedCustomizer> (0x00000000862017e8) 
thrown [s\src\hotspot\share\classfile\systemDictionary.cpp, line 256]
Event: 13.806 Thread 0x000001da9e64e480 Exception <a 'java/lang/NoSuchMethodError'{0x00000000881718a8}: 'long java.lang.invoke.DirectMethodHandle$Holder.invokeStatic(java.lang.Object, long)'> (0x00000000881718a8) 
thrown [s\src\hotspot\share\interpreter\linkResolver.cpp, line 771]
Event: 13.898 Thread 0x000001da9e64e480 Exception <a 'java/lang/NoSuchMethodError'{0x0000000087ba5a08}: 'java.lang.Object java.lang.invoke.DelegatingMethodHandle$Holder.reinvoke_L(java.lang.Object, java.lang.Object, java.lang.Object, java.lang.Object, java.lang.Object, java.lang.Object, java.lang.Object, java.lang.Object, java.lang.Object, java.lang.Object, java.lang.Object, java.lang.Object, java.lang.Object, java.lang.Object, java.lang.Object, java.lang.Object, java.lang.Object, java.lang.Object, java.lang.Object, java.lang.Object, java.lang.O
Event: 13.899 Thread 0x000001da9e64e480 Exception <a 'java/lang/NoSuchMethodError'{0x0000000087bb11e0}: 'java.lang.Object java.lang.invoke.DirectMethodHandle$Holder.invokeSpecial(java.lang.Object, java.lang.Object, java.lang.Object, java.lang.Object, java.lang.Object, java.lang.Object, java.lang.Object, java.lang.Object, java.lang.Object, java.lang.Object, java.lang.Object, java.lang.Object, java.lang.Object, java.lang.Object, java.lang.Object, java.lang.Object, java.lang.Object, java.lang.Object, java.lang.Object, java.lang.Object, java.lang.Ob
Event: 13.899 Thread 0x000001da9e64e480 Exception <a 'java/lang/NoSuchMethodError'{0x0000000087bb6e28}: 'java.lang.Object java.lang.invoke.Invokers$Holder.invoker(java.lang.Object, java.lang.Object, java.lang.Object, java.lang.Object, java.lang.Object, java.lang.Object, java.lang.Object, java.lang.Object, java.lang.Object, java.lang.Object, java.lang.Object, java.lang.Object, java.lang.Object, java.lang.Object, java.lang.Object, java.lang.Object, java.lang.Object, java.lang.Object, java.lang.Object, java.lang.Object, java.lang.Object)'> (0x00000
Event: 13.899 Thread 0x000001da9e64e480 Exception <a 'java/lang/NoSuchMethodError'{0x0000000087bbd488}: 'java.lang.Object java.lang.invoke.DelegatingMethodHandle$Holder.delegate(java.lang.Object, java.lang.Object, java.lang.Object, java.lang.Object, java.lang.Object, java.lang.Object, java.lang.Object, java.lang.Object, java.lang.Object, java.lang.Object, java.lang.Object, java.lang.Object, java.lang.Object, java.lang.Object, java.lang.Object, java.lang.Object, java.lang.Object, java.lang.Object, java.lang.Object, java.lang.Object, java.lang.Obj
Event: 14.565 Thread 0x000001da9e64e480 Exception <a 'java/lang/NoSuchMethodError'{0x00000000874e8a58}: 'int java.lang.invoke.DirectMethodHandle$Holder.invokeSpecialIFC(java.lang.Object, java.lang.Object, java.lang.Object)'> (0x00000000874e8a58) 
thrown [s\src\hotspot\share\interpreter\linkResolver.cpp, line 771]
Event: 14.658 Thread 0x000001da9e64e480 Exception <a 'java/lang/NoSuchMethodError'{0x000000008706fbe0}: 'java.lang.Object java.lang.invoke.DirectMethodHandle$Holder.newInvokeSpecial(java.lang.Object, java.lang.Object, java.lang.Object, java.lang.Object, java.lang.Object, int)'> (0x000000008706fbe0) 
thrown [s\src\hotspot\share\interpreter\linkResolver.cpp, line 771]
Event: 14.658 Thread 0x000001da9e64e480 Exception <a 'java/lang/NoSuchMethodError'{0x0000000087075238}: 'java.lang.Object java.lang.invoke.DirectMethodHandle$Holder.invokeSpecial(java.lang.Object, java.lang.Object, java.lang.Object, java.lang.Object, java.lang.Object, java.lang.Object, int)'> (0x0000000087075238) 
thrown [s\src\hotspot\share\interpreter\linkResolver.cpp, line 771]
Event: 14.669 Thread 0x000001da9e64e480 Exception <a 'java/lang/NoSuchMethodError'{0x0000000086f25aa0}: 'void java.lang.invoke.DirectMethodHandle$Holder.invokeStatic(java.lang.Object, java.lang.Object, java.lang.Object, int, java.lang.Object)'> (0x0000000086f25aa0) 
thrown [s\src\hotspot\share\interpreter\linkResolver.cpp, line 771]

VM Operations (20 events):
Event: 11.626 Executing VM operation: G1Concurrent
Event: 11.626 Executing VM operation: G1Concurrent done
Event: 12.062 Executing VM operation: G1CollectForAllocation
Event: 12.065 Executing VM operation: G1CollectForAllocation done
Event: 12.114 Executing VM operation: HandshakeAllThreads
Event: 12.114 Executing VM operation: HandshakeAllThreads done
Event: 13.116 Executing VM operation: Cleanup
Event: 13.116 Executing VM operation: Cleanup done
Event: 13.510 Executing VM operation: HandshakeAllThreads
Event: 13.510 Executing VM operation: HandshakeAllThreads done
Event: 13.724 Executing VM operation: G1CollectForAllocation
Event: 13.728 Executing VM operation: G1CollectForAllocation done
Event: 13.741 Executing VM operation: G1Concurrent
Event: 13.744 Executing VM operation: G1Concurrent done
Event: 13.750 Executing VM operation: G1Concurrent
Event: 13.750 Executing VM operation: G1Concurrent done
Event: 13.766 Executing VM operation: HandshakeAllThreads
Event: 13.767 Executing VM operation: HandshakeAllThreads done
Event: 14.630 Executing VM operation: HandshakeAllThreads
Event: 14.630 Executing VM operation: HandshakeAllThreads done

Events (20 events):
Event: 13.872 loading class javax/net/ssl/X509TrustManager done
Event: 13.874 loading class javax/net/ssl/SSLException
Event: 13.874 loading class javax/net/ssl/SSLException done
Event: 13.874 loading class javax/net/ssl/SSLPeerUnverifiedException
Event: 13.874 loading class javax/net/ssl/SSLPeerUnverifiedException done
Event: 13.874 loading class javax/naming/NamingException
Event: 13.874 loading class javax/naming/NamingException done
Event: 13.874 loading class javax/naming/InvalidNameException
Event: 13.875 loading class javax/naming/InvalidNameException done
Event: 13.875 loading class java/security/cert/CertificateParsingException
Event: 13.875 loading class java/security/cert/CertificateException
Event: 13.875 loading class java/security/cert/CertificateException done
Event: 13.875 loading class java/security/cert/CertificateParsingException done
Event: 13.893 loading class java/util/Collections$SingletonMap
Event: 13.893 loading class java/util/Collections$SingletonMap done
Event: 13.895 Thread 0x000001da9f383ec0 Thread added: 0x000001da9f383ec0
Event: 14.778 loading class java/util/concurrent/LinkedBlockingDeque$Itr
Event: 14.779 loading class java/util/concurrent/LinkedBlockingDeque$AbstractItr
Event: 14.779 loading class java/util/concurrent/LinkedBlockingDeque$AbstractItr done
Event: 14.779 loading class java/util/concurrent/LinkedBlockingDeque$Itr done


Dynamic libraries:
0x00007ff7744e0000 - 0x00007ff7744ea000 	C:\Program Files\Android\Android Studio\jbr\bin\java.exe
0x00007ffd18dd0000 - 0x00007ffd18fe6000 	C:\WINDOWS\SYSTEM32\ntdll.dll
0x00007ffd17330000 - 0x00007ffd173f4000 	C:\WINDOWS\System32\KERNEL32.DLL
0x00007ffd16590000 - 0x00007ffd16936000 	C:\WINDOWS\System32\KERNELBASE.dll
0x00007ffd16470000 - 0x00007ffd16581000 	C:\WINDOWS\System32\ucrtbase.dll
0x00007ffd10e90000 - 0x00007ffd10eab000 	C:\Program Files\Android\Android Studio\jbr\bin\VCRUNTIME140.dll
0x00007ffd00020000 - 0x00007ffd00037000 	C:\Program Files\Android\Android Studio\jbr\bin\jli.dll
0x00007ffd17a10000 - 0x00007ffd17bbd000 	C:\WINDOWS\System32\USER32.dll
0x00007ffd16250000 - 0x00007ffd16276000 	C:\WINDOWS\System32\win32u.dll
0x00007ffd171d0000 - 0x00007ffd171f9000 	C:\WINDOWS\System32\GDI32.dll
0x00007ffd16940000 - 0x00007ffd16a58000 	C:\WINDOWS\System32\gdi32full.dll
0x00007ffd16110000 - 0x00007ffd161aa000 	C:\WINDOWS\System32\msvcp_win.dll
0x00007ffd155e0000 - 0x00007ffd15873000 	C:\WINDOWS\WinSxS\amd64_microsoft.windows.common-controls_6595b64144ccf1df_6.0.22621.3235_none_270f74e173860f98\COMCTL32.dll
0x00007ffd17960000 - 0x00007ffd17a07000 	C:\WINDOWS\System32\msvcrt.dll
0x00007ffd16de0000 - 0x00007ffd16e11000 	C:\WINDOWS\System32\IMM32.DLL
0x00007ffd10e80000 - 0x00007ffd10e8c000 	C:\Program Files\Android\Android Studio\jbr\bin\vcruntime140_1.dll
0x00007ffd0dca0000 - 0x00007ffd0dd2d000 	C:\Program Files\Android\Android Studio\jbr\bin\msvcp140.dll
0x00007ffc6f170000 - 0x00007ffc6fdf0000 	C:\Program Files\Android\Android Studio\jbr\bin\server\jvm.dll
0x00007ffd180f0000 - 0x00007ffd181a2000 	C:\WINDOWS\System32\ADVAPI32.dll
0x00007ffd17bc0000 - 0x00007ffd17c68000 	C:\WINDOWS\System32\sechost.dll
0x00007ffd16220000 - 0x00007ffd16248000 	C:\WINDOWS\System32\bcrypt.dll
0x00007ffd17840000 - 0x00007ffd17955000 	C:\WINDOWS\System32\RPCRT4.dll
0x00007ffd0db40000 - 0x00007ffd0db74000 	C:\WINDOWS\SYSTEM32\WINMM.dll
0x00007ffd0cbe0000 - 0x00007ffd0cbea000 	C:\WINDOWS\SYSTEM32\VERSION.dll
0x00007ffd00690000 - 0x00007ffd00699000 	C:\WINDOWS\SYSTEM32\WSOCK32.dll
0x00007ffd18af0000 - 0x00007ffd18b61000 	C:\WINDOWS\System32\WS2_32.dll
0x00007ffd14a50000 - 0x00007ffd14a68000 	C:\WINDOWS\SYSTEM32\kernel.appcore.dll
0x00007ffd15960000 - 0x00007ffd1596a000 	C:\Program Files\Android\Android Studio\jbr\bin\jimage.dll
0x00007ffd15a00000 - 0x00007ffd15c33000 	C:\WINDOWS\SYSTEM32\DBGHELP.DLL
0x00007ffd16e30000 - 0x00007ffd171b8000 	C:\WINDOWS\System32\combase.dll
0x00007ffd181b0000 - 0x00007ffd18287000 	C:\WINDOWS\System32\OLEAUT32.dll
0x00007ffd158f0000 - 0x00007ffd15922000 	C:\WINDOWS\SYSTEM32\dbgcore.DLL
0x00007ffd16280000 - 0x00007ffd162fa000 	C:\WINDOWS\System32\bcryptPrimitives.dll
0x00007ffd04740000 - 0x00007ffd0474e000 	C:\Program Files\Android\Android Studio\jbr\bin\instrument.dll
0x00007ffd109c0000 - 0x00007ffd109e5000 	C:\Program Files\Android\Android Studio\jbr\bin\java.dll
0x00007ffd079c0000 - 0x00007ffd079d8000 	C:\Program Files\Android\Android Studio\jbr\bin\zip.dll
0x00007ffd18290000 - 0x00007ffd18aed000 	C:\WINDOWS\System32\SHELL32.dll
0x00007ffd13940000 - 0x00007ffd14238000 	C:\WINDOWS\SYSTEM32\windows.storage.dll
0x00007ffd13800000 - 0x00007ffd1393e000 	C:\WINDOWS\SYSTEM32\wintypes.dll
0x00007ffd17680000 - 0x00007ffd17773000 	C:\WINDOWS\System32\SHCORE.dll
0x00007ffd177e0000 - 0x00007ffd1783e000 	C:\WINDOWS\System32\shlwapi.dll
0x00007ffd16040000 - 0x00007ffd16066000 	C:\WINDOWS\SYSTEM32\profapi.dll
0x00007ffd068b0000 - 0x00007ffd068c9000 	C:\Program Files\Android\Android Studio\jbr\bin\net.dll
0x00007ffd0fad0000 - 0x00007ffd0fc07000 	C:\WINDOWS\SYSTEM32\WINHTTP.dll
0x00007ffd14eb0000 - 0x00007ffd14f19000 	C:\WINDOWS\system32\mswsock.dll
0x00007ffd066b0000 - 0x00007ffd066c6000 	C:\Program Files\Android\Android Studio\jbr\bin\nio.dll
0x00007ffd066a0000 - 0x00007ffd066b0000 	C:\Program Files\Android\Android Studio\jbr\bin\verify.dll
0x00007ffd07a40000 - 0x00007ffd07a67000 	C:\Users\miche\.gradle\native\68d5fa5c4cc2d200863cafc0d521ce42e7d3e7ee720ec0a83991735586a16f82\windows-amd64\native-platform.dll
0x00007ffd051d0000 - 0x00007ffd05314000 	C:\Users\miche\.gradle\native\e376f236ea51e6404a007f0833ffe2c6e607c4080706a723a18a27aeea778392\windows-amd64\native-platform-file-events.dll
0x00007ffd06690000 - 0x00007ffd06699000 	C:\Program Files\Android\Android Studio\jbr\bin\management.dll
0x00007ffd06370000 - 0x00007ffd0637b000 	C:\Program Files\Android\Android Studio\jbr\bin\management_ext.dll
0x00007ffd171c0000 - 0x00007ffd171c8000 	C:\WINDOWS\System32\PSAPI.DLL
0x00007ffd15d30000 - 0x00007ffd15d4b000 	C:\WINDOWS\SYSTEM32\CRYPTSP.dll
0x00007ffd149b0000 - 0x00007ffd149e5000 	C:\WINDOWS\system32\rsaenh.dll
0x00007ffd14fa0000 - 0x00007ffd14fcc000 	C:\WINDOWS\SYSTEM32\USERENV.dll
0x00007ffd15260000 - 0x00007ffd1526c000 	C:\WINDOWS\SYSTEM32\CRYPTBASE.dll
0x00007ffd144e0000 - 0x00007ffd1450d000 	C:\WINDOWS\SYSTEM32\IPHLPAPI.DLL
0x00007ffd16b70000 - 0x00007ffd16b79000 	C:\WINDOWS\System32\NSI.dll
0x00007ffd0fcb0000 - 0x00007ffd0fcc9000 	C:\WINDOWS\SYSTEM32\dhcpcsvc6.DLL
0x00007ffd0f4d0000 - 0x00007ffd0f4ef000 	C:\WINDOWS\SYSTEM32\dhcpcsvc.DLL
0x00007ffd14510000 - 0x00007ffd14609000 	C:\WINDOWS\SYSTEM32\DNSAPI.dll
0x00007ffd079b0000 - 0x00007ffd079b8000 	C:\WINDOWS\system32\wshunix.dll

dbghelp: loaded successfully - version: 4.0.5 - missing functions: none
symbol engine: initialized successfully - sym options: 0x614 - pdb path: .;C:\Program Files\Android\Android Studio\jbr\bin;C:\WINDOWS\SYSTEM32;C:\WINDOWS\WinSxS\amd64_microsoft.windows.common-controls_6595b64144ccf1df_6.0.22621.3235_none_270f74e173860f98;C:\Program Files\Android\Android Studio\jbr\bin\server;C:\Users\miche\.gradle\native\68d5fa5c4cc2d200863cafc0d521ce42e7d3e7ee720ec0a83991735586a16f82\windows-amd64;C:\Users\miche\.gradle\native\e376f236ea51e6404a007f0833ffe2c6e607c4080706a723a18a27aeea778392\windows-amd64

VM Arguments:
jvm_args: --add-opens=java.base/java.util=ALL-UNNAMED --add-opens=java.base/java.lang=ALL-UNNAMED --add-opens=java.base/java.lang.invoke=ALL-UNNAMED --add-opens=java.prefs/java.util.prefs=ALL-UNNAMED --add-opens=java.base/java.nio.charset=ALL-UNNAMED --add-opens=java.base/java.net=ALL-UNNAMED --add-opens=java.base/java.util.concurrent.atomic=ALL-UNNAMED -Xmx2048m -Dfile.encoding=UTF-8 -Duser.country=MX -Duser.language=es -Duser.variant -javaagent:C:\Users\miche\.gradle\wrapper\dists\gradle-8.2-bin\bbg7u40eoinfdyxsxr3z4i7ta\gradle-8.2\lib\agents\gradle-instrumentation-agent-8.2.jar 
java_command: org.gradle.launcher.daemon.bootstrap.GradleDaemon 8.2
java_class_path (initial): C:\Users\miche\.gradle\wrapper\dists\gradle-8.2-bin\bbg7u40eoinfdyxsxr3z4i7ta\gradle-8.2\lib\gradle-launcher-8.2.jar
Launcher Type: SUN_STANDARD

[Global flags]
     intx CICompilerCount                          = 4                                         {product} {ergonomic}
     uint ConcGCThreads                            = 3                                         {product} {ergonomic}
     uint G1ConcRefinementThreads                  = 10                                        {product} {ergonomic}
   size_t G1HeapRegionSize                         = 1048576                                   {product} {ergonomic}
    uintx GCDrainStackTargetSize                   = 64                                        {product} {ergonomic}
   size_t InitialHeapSize                          = 98566144                                  {product} {ergonomic}
   size_t MarkStackSize                            = 4194304                                   {product} {ergonomic}
   size_t MaxHeapSize                              = 2147483648                                {product} {command line}
   size_t MaxNewSize                               = 1287651328                                {product} {ergonomic}
   size_t MinHeapDeltaBytes                        = 1048576                                   {product} {ergonomic}
   size_t MinHeapSize                              = 8388608                                   {product} {ergonomic}
    uintx NonNMethodCodeHeapSize                   = 5839372                                {pd product} {ergonomic}
    uintx NonProfiledCodeHeapSize                  = 122909434                              {pd product} {ergonomic}
    uintx ProfiledCodeHeapSize                     = 122909434                              {pd product} {ergonomic}
    uintx ReservedCodeCacheSize                    = 251658240                              {pd product} {ergonomic}
     bool SegmentedCodeCache                       = true                                      {product} {ergonomic}
   size_t SoftMaxHeapSize                          = 2147483648                             {manageable} {ergonomic}
     bool UseCompressedClassPointers               = true                           {product lp64_product} {ergonomic}
     bool UseCompressedOops                        = true                           {product lp64_product} {ergonomic}
     bool UseG1GC                                  = true                                      {product} {ergonomic}
     bool UseLargePagesIndividualAllocation        = false                                  {pd product} {ergonomic}

Logging:
Log output configuration:
 #0: stdout all=warning uptime,level,tags
 #1: stderr all=off uptime,level,tags

Environment Variables:
PATH=C:\WINDOWS\system32;C:\WINDOWS;C:\WINDOWS\System32\Wbem;C:\WINDOWS\System32\WindowsPowerShell\v1.0\;C:\WINDOWS\System32\OpenSSH\;C:\Program Files\Git\cmd;C:\Program Files (x86)\Microsoft SQL Server\160\DTS\Binn\;C:\Program Files\Azure Data Studio\bin;C:\Program Files (x86)\Microsoft SQL Server\160\Tools\Binn\;C:\Program Files\Microsoft SQL Server\160\Tools\Binn\;C:\Program Files\Microsoft SQL Server\Client SDK\ODBC\170\Tools\Binn\;C:\Program Files\Microsoft SQL Server\160\DTS\Binn\;C:\msys64\mingw64\bin;C:\xampp\php;C:\ProgramData\ComposerSetup\bin;%NVM_HOME%;%NVM_SYMLINK%;C:\Program Files\nodejs\;C:\Program Files\MySQL\MySQL Shell 8.0\bin\;C:\Users\miche\AppData\Local\Programs\Python\Python311\Scripts\;C:\Users\miche\AppData\Local\Programs\Python\Python311\;C:\Users\miche\AppData\Local\Microsoft\WindowsApps;C:\Users\miche\AppData\Local\Programs\Microsoft VS Code\bin;C:\Program Files\Azure Data Studio\bin;C:\Users\miche\AppData\Roaming\Composer\vendor\bin;C:\Users\miche\AppData\Roaming\nvm;C:\Program Files\nodejs;C:\Users\miche\AppData\Roaming\npm
USERNAME=michel
OS=Windows_NT
PROCESSOR_IDENTIFIER=AMD64 Family 23 Model 104 Stepping 1, AuthenticAMD
TMP=C:\Users\miche\AppData\Local\Temp
TEMP=C:\Users\miche\AppData\Local\Temp


JNI global refs:
JNI global refs: 27, weak refs: 4

JNI global refs memory usage: 843, weak refs: 841

OOME stack traces (most recent first):
Classloader memory used:
Loader org.gradle.internal.classloader.VisitableURLClassLoader                         : 3411K
Loader bootstrap                                                                       : 2435K
Loader org.gradle.initialization.MixInLegacyTypesClassLoader                           : 943K
Loader org.gradle.internal.classloader.VisitableURLClassLoader$InstrumentingVisitableURLClassLoader: 93635B
Loader org.gradle.internal.classloader.VisitableURLClassLoader                         : 73878B
Loader jdk.internal.loader.ClassLoaders$PlatformClassLoader                            : 67636B
Loader jdk.internal.loader.ClassLoaders$AppClassLoader                                 : 28352B
Loader jdk.internal.reflect.DelegatingClassLoader                                      : 27552B
Loader org.gradle.groovy.scripts.internal.DefaultScriptCompilationHandler$ScriptClassLoader: 11210B
Loader org.codehaus.groovy.runtime.callsite.CallSiteClassLoader                        : 6725B

Classes loaded by more than one classloader:
Class org.gradle.internal.Cast                                                        : loaded 3 times (x 69B)
Class Program                                                                         : loaded 3 times (x 70B)
Class org.gradle.api.GradleException                                                  : loaded 3 times (x 80B)
Class org.gradle.internal.classpath.ClassPath                                         : loaded 2 times (x 68B)
Class org.gradle.api.internal.classpath.DefaultModuleRegistry                         : loaded 2 times (x 84B)
Class Settings_gradle$1$1                                                             : loaded 2 times (x 72B)
Class com.intellij.openapi.externalSystem.model.ExternalSystemException               : loaded 2 times (x 84B)
Class org.gradle.api.Action                                                           : loaded 2 times (x 68B)
Class org.jetbrains.kotlin.idea.gradleTooling.model.samWithReceiver.SamWithReceiverModel: loaded 2 times (x 68B)
Class org.jetbrains.plugins.gradle.model.ExternalProject                              : loaded 2 times (x 68B)
Class org.jetbrains.plugins.gradle.model.IntelliJSettings                             : loaded 2 times (x 68B)
Class org.jetbrains.kotlin.idea.gradleTooling.KotlinMPPGradleModel                    : loaded 2 times (x 68B)
Class org.gradle.api.internal.DefaultClassPathProvider                                : loaded 2 times (x 74B)
Class org.gradle.internal.installation.GradleInstallation$1                           : loaded 2 times (x 73B)
Class org.gradle.internal.exceptions.DefaultMultiCauseException                       : loaded 2 times (x 85B)
Class org.gradle.tooling.model.UnsupportedMethodException                             : loaded 2 times (x 80B)
Class org.gradle.internal.time.MonotonicClock                                         : loaded 2 times (x 75B)
Class org.gradle.internal.classloader.FilteringClassLoader                            : loaded 2 times (x 102B)
Class org.gradle.tooling.model.Model                                                  : loaded 2 times (x 68B)
Class org.gradle.internal.classpath.DefaultClassPath$ImmutableUniqueList$Builder      : loaded 2 times (x 73B)
Class org.jetbrains.kotlin.idea.gradleTooling.KotlinSourceSetContainer                : loaded 2 times (x 68B)
Class org.gradle.internal.classloader.ClassLoaderVisitor                              : loaded 2 times (x 74B)
Class org.gradle.internal.time.DefaultCountdownTimer                                  : loaded 2 times (x 86B)
Class org.gradle.internal.service.DefaultServiceLocator                               : loaded 2 times (x 81B)
Class org.gradle.internal.service.UnknownServiceException                             : loaded 2 times (x 81B)
Class org.jetbrains.plugins.gradle.model.DependencyAccessorsModel                     : loaded 2 times (x 68B)
Class org.gradle.internal.classloader.DefaultClassLoaderFactory                       : loaded 2 times (x 80B)
Class org.jetbrains.plugins.gradle.model.GradleExtensions                             : loaded 2 times (x 68B)
Class org.jetbrains.plugins.gradle.model.VersionCatalogsModel                         : loaded 2 times (x 68B)
Class org.gradle.internal.classloader.VisitableURLClassLoader$Spec                    : loaded 2 times (x 72B)
Class org.gradle.tooling.model.ProjectModel                                           : loaded 2 times (x 68B)
Class org.jetbrains.plugins.gradle.model.MavenRepositoryModel                         : loaded 2 times (x 68B)
Class org.gradle.tooling.internal.gradle.DefaultProjectIdentifier                     : loaded 2 times (x 84B)
Class org.gradle.api.internal.classpath.ModuleRegistry                                : loaded 2 times (x 68B)
Class org.gradle.util.GradleVersion                                                   : loaded 2 times (x 81B)
Class kotlin.jvm.internal.markers.KMappedMarker                                       : loaded 2 times (x 68B)
Class org.gradle.api.internal.ClassPathProvider                                       : loaded 2 times (x 68B)
Class org.gradle.internal.classloader.ClasspathUtil$1                                 : loaded 2 times (x 74B)
Class org.gradle.internal.classloader.ClassLoaderFactory                              : loaded 2 times (x 68B)
Class org.gradle.api.internal.classpath.ManifestUtil                                  : loaded 2 times (x 69B)
Class org.gradle.api.specs.Spec                                                       : loaded 2 times (x 68B)
Class org.gradle.tooling.internal.gradle.GradleBuildIdentity                          : loaded 2 times (x 68B)
Class org.gradle.internal.IoActions                                                   : loaded 2 times (x 69B)
Class org.gradle.api.internal.classpath.EffectiveClassPath                            : loaded 2 times (x 88B)
Class kotlin.jvm.internal.DefaultConstructorMarker                                    : loaded 2 times (x 69B)
Class org.jetbrains.kotlin.idea.gradleTooling.model.annotation.AnnotationBasedPluginModel: loaded 2 times (x 68B)
Class org.jetbrains.kotlin.idea.gradleTooling.model.assignment.AssignmentModel        : loaded 2 times (x 68B)
Class org.gradle.internal.installation.CurrentGradleInstallation                      : loaded 2 times (x 71B)
Class org.gradle.internal.agents.InstrumentingClassLoader                             : loaded 2 times (x 68B)
Class org.gradle.internal.installation.CurrentGradleInstallationLocator               : loaded 2 times (x 69B)
Class org.gradle.api.internal.classpath.Module                                        : loaded 2 times (x 68B)
Class org.gradle.internal.service.CachingServiceLocator                               : loaded 2 times (x 80B)
Class org.gradle.internal.time.Timer                                                  : loaded 2 times (x 68B)
Class org.jetbrains.plugins.gradle.model.tests.ExternalTestsModel                     : loaded 2 times (x 68B)
Class org.jetbrains.kotlin.idea.gradleTooling.KotlinDslScriptAdditionalTask           : loaded 2 times (x 68B)
Class org.gradle.internal.classpath.DefaultClassPath                                  : loaded 2 times (x 88B)
Class com.intellij.openapi.externalSystem.model.project.dependencies.ProjectDependencies: loaded 2 times (x 68B)
Class org.jetbrains.kotlin.idea.gradleTooling.PrepareKotlinIdeImportTaskModel         : loaded 2 times (x 68B)
Class sync_studio_tooling6_5txk1wjhumakprdo31mrx13p3                                  : loaded 2 times (x 177B)
Class org.gradle.internal.impldep.com.google.common.base.Preconditions                : loaded 2 times (x 69B)
Class kotlin.jvm.functions.Function1                                                  : loaded 2 times (x 68B)
Class org.gradle.internal.time.Time                                                   : loaded 2 times (x 69B)
Class org.gradle.internal.time.TimeSource$1                                           : loaded 2 times (x 75B)
Class ijinit_8k0daqonki480lq7bbc2dhnh3                                                : loaded 2 times (x 177B)
Class org.gradle.internal.classloader.SystemClassLoaderSpec                           : loaded 2 times (x 69B)
Class kotlin.Function                                                                 : loaded 2 times (x 68B)
Class org.gradle.api.UncheckedIOException                                             : loaded 2 times (x 80B)
Class org.jetbrains.plugins.gradle.model.RepositoriesModel                            : loaded 2 times (x 68B)
Class sync_studio_tooling6_5txk1wjhumakprdo31mrx13p3$_run_closure1                    : loaded 2 times (x 134B)
Class org.gradle.tooling.internal.gradle.GradleProjectIdentity                        : loaded 2 times (x 68B)
Class org.gradle.internal.time.CountdownTimer                                         : loaded 2 times (x 68B)
Class org.gradle.internal.time.Clock                                                  : loaded 2 times (x 68B)
Class org.gradle.internal.classloader.ClasspathUtil                                   : loaded 2 times (x 69B)
Class org.gradle.tooling.model.BuildIdentifier                                        : loaded 2 times (x 68B)
Class org.gradle.api.internal.DefaultClassPathRegistry                                : loaded 2 times (x 74B)
Class org.gradle.api.internal.classpath.DefaultModuleRegistry$DefaultModule           : loaded 2 times (x 84B)
Class org.gradle.internal.time.TimeSource                                             : loaded 2 times (x 68B)
Class org.jetbrains.kotlin.android.synthetic.idea.AndroidExtensionsGradleModel        : loaded 2 times (x 68B)
Class org.gradle.api.internal.classpath.UnknownModuleException                        : loaded 2 times (x 80B)
Class org.jetbrains.plugins.gradle.model.IntelliJProjectSettings                      : loaded 2 times (x 68B)
Class org.gradle.internal.service.ServiceLookupException                              : loaded 2 times (x 80B)
Class org.gradle.cache.GlobalCache                                                    : loaded 2 times (x 68B)
Class org.jetbrains.kotlin.idea.gradleTooling.model.lombok.LombokModel                : loaded 2 times (x 68B)
Class org.gradle.tooling.model.ProjectIdentifier                                      : loaded 2 times (x 68B)
Class [Lorg.gradle.api.internal.ClassPathProvider;                                    : loaded 2 times (x 67B)
Class org.gradle.internal.operations.MultipleBuildOperationFailures                   : loaded 2 times (x 85B)
Class org.gradle.util.internal.GUtil                                                  : loaded 2 times (x 69B)
Class org.jetbrains.plugins.gradle.model.AnnotationProcessingModel                    : loaded 2 times (x 68B)
Class org.gradle.internal.classloader.ClassLoaderSpec                                 : loaded 2 times (x 69B)
Class org.jetbrains.plugins.gradle.model.BuildScriptClasspathModel                    : loaded 2 times (x 68B)
Class org.gradle.internal.classloader.VisitableURLClassLoader                         : loaded 2 times (x 114B)
Class org.gradle.internal.installation.GradleInstallation                             : loaded 2 times (x 73B)
Class org.gradle.api.internal.ClassPathRegistry                                       : loaded 2 times (x 68B)
Class org.gradle.internal.classloader.VisitableURLClassLoader$InstrumentingVisitableURLClassLoader: loaded 2 times (x 120B)
Class org.gradle.internal.classloader.ClassLoaderHierarchy                            : loaded 2 times (x 68B)
Class org.gradle.internal.exceptions.MultiCauseException                              : loaded 2 times (x 68B)
Class org.jetbrains.kotlin.idea.gradleTooling.model.parcelize.ParcelizeGradleModel    : loaded 2 times (x 68B)
Class org.gradle.internal.InternalTransformer                                         : loaded 2 times (x 68B)
Class org.jetbrains.kotlin.idea.gradleTooling.model.noarg.NoArgModel                  : loaded 2 times (x 68B)
Class org.jetbrains.kotlin.idea.gradleTooling.KotlinGradleModel                       : loaded 2 times (x 68B)
Class org.gradle.tooling.internal.gradle.DefaultBuildIdentifier                       : loaded 2 times (x 77B)
Class org.gradle.internal.service.ServiceLocator                                      : loaded 2 times (x 68B)
Class Settings_gradle$1                                                               : loaded 2 times (x 72B)
Class org.jetbrains.kotlin.idea.gradleTooling.model.allopen.AllOpenModel              : loaded 2 times (x 68B)
Class org.gradle.internal.classpath.DefaultClassPath$ImmutableUniqueList              : loaded 2 times (x 159B)
Class org.gradle.internal.time.DefaultTimer                                           : loaded 2 times (x 78B)
Class org.gradle.internal.classpath.TransformedClassPath                              : loaded 2 times (x 94B)
Class Settings_gradle                                                                 : loaded 2 times (x 126B)


---------------  S Y S T E M  ---------------

OS:
 Windows 11 , 64 bit Build 22621 (10.0.22621.3235)
OS uptime: 0 days 11:50 hours
Hyper-V role detected

CPU: total 12 (initial active 12) (12 cores per cpu, 2 threads per core) family 23 model 104 stepping 1 microcode 0x0, cx8, cmov, fxsr, ht, mmx, 3dnowpref, sse, sse2, sse3, ssse3, sse4a, sse4.1, sse4.2, popcnt, lzcnt, tsc, tscinvbit, avx, avx2, aes, clmul, bmi1, bmi2, adx, sha, fma, vzeroupper, clflush, clflushopt, hv

Memory: 4k page, system-wide physical 5989M (312M free)
TotalPageFile size 22373M (AvailPageFile size 8838M)
current process WorkingSet (physical memory assigned to process): 302M, peak: 309M
current process commit charge ("private bytes"): 341M, peak: 350M

vm_info: OpenJDK 64-Bit Server VM (17.0.7+0-b2043.56-10550314) for windows-amd64 JRE (17.0.7+0-b2043.56-10550314), built on Jul 24 2023 18:27:45 by "androidbuild" with MS VC++ 16.10 / 16.11 (VS2019)

END.
